#
# There is insufficient memory for the Java Runtime Environment to continue.
# Native memory allocation (mmap) failed to map 134217728 bytes for G1 virtual space
# Possible reasons:
#   The system is out of physical RAM or swap space
#   The process is running with CompressedOops enabled, and the Java Heap may be blocking the growth of the native heap
# Possible solutions:
#   Reduce memory load on the system
#   Increase physical memory or swap space
#   Check if swap backing store is full
#   Decrease Java heap size (-Xmx/-Xms)
#   Decrease number of Java threads
#   Decrease Java thread stack sizes (-Xss)
#   Set larger code cache with -XX:ReservedCodeCacheSize=
#   JVM is running with Unscaled Compressed Oops mode in which the Java heap is
#     placed in the first 4GB address space. The Java Heap base address is the
#     maximum limit for the native heap growth. Please use -XX:HeapBaseMinAddress
#     to set the Java Heap base and to place the Java Heap above 4GB virtual address.
# This output file may be truncated or incomplete.
#
#  Out of Memory Error (os_windows.cpp:3466), pid=27524, tid=36472
#
# JRE version:  (16.0.2+7) (build )
# Java VM: OpenJDK 64-Bit Server VM (16.0.2+7-67, mixed mode, sharing, tiered, compressed oops, compressed class ptrs, g1 gc, windows-amd64)
# No core dump will be written. Minidumps are not enabled by default on client versions of Windows
#

---------------  S U M M A R Y ------------

Command Line: -Dfile.encoding=Cp1252 --module-path=D:\Desktop\java\SEKUR\bin;C:\Users\HP\.p2\pool\plugins\org.eclipse.fx.ide.css.jfx8_3.8.0.202204150904.jar;C:\Eclipse\fx\javafx-sdk-19.0.2.1\lib\javafx.base.jar;C:\Eclipse\fx\javafx-sdk-19.0.2.1\lib\javafx.controls.jar;C:\Eclipse\fx\javafx-sdk-19.0.2.1\lib\javafx.fxml.jar;C:\Eclipse\fx\javafx-sdk-19.0.2.1\lib\javafx.graphics.jar;C:\Eclipse\fx\javafx-sdk-19.0.2.1\lib\javafx.media.jar;C:\Eclipse\fx\javafx-sdk-19.0.2.1\lib\javafx.swing.jar;C:\Eclipse\fx\javafx-sdk-19.0.2.1\lib\javafx.web.jar;C:\Eclipse\fx\javafx-sdk-19.0.2.1\lib\javafx-swt.jar;C:\Eclipse\fx\javafx-sdk-19.0.2.1\lib\mysql-connector-java-5.0.7-bin.jar;D:\Desktop\fontawesomefx-8.2.jar;D:\Desktop\fontawesomefx-glyphsbrowser-all-1.0.jar -XX:+ShowCodeDetailsInExceptionMessages -Djdk.module.main=SEKUR SEKUR/application.Main

Host: Intel(R) Core(TM) i7-8565U CPU @ 1.80GHz, 8 cores, 7G,  Windows 10 , 64 bit Build 22621 (10.0.22621.1928)
Time: Mon Jul 17 14:43:26 2023 Paris, Madrid elapsed time: 0.018198 seconds (0d 0h 0m 0s)

---------------  T H R E A D  ---------------

Current thread (0x0000021c59cea910):  JavaThread "Unknown thread" [_thread_in_vm, id=36472, stack(0x000000a208500000,0x000000a208600000)]

Stack: [0x000000a208500000,0x000000a208600000]
Native frames: (J=compiled Java code, j=interpreted, Vv=VM code, C=native code)
V  [jvm.dll+0x6681ca]
V  [jvm.dll+0x7c9e69]
V  [jvm.dll+0x7cb61e]
V  [jvm.dll+0x7cbc73]
V  [jvm.dll+0x242c55]
V  [jvm.dll+0x664f89]
V  [jvm.dll+0x659b75]
V  [jvm.dll+0x2fbfbb]
V  [jvm.dll+0x3031b6]
V  [jvm.dll+0x35299e]
V  [jvm.dll+0x352bcf]
V  [jvm.dll+0x2d3028]
V  [jvm.dll+0x2d4264]
V  [jvm.dll+0x79c741]
V  [jvm.dll+0x360791]
V  [jvm.dll+0x77a3f0]
V  [jvm.dll+0x3e4e8f]
V  [jvm.dll+0x3e6961]
C  [jli.dll+0x52fb]
C  [ucrtbase.dll+0x29363]
C  [KERNEL32.DLL+0x126ad]
C  [ntdll.dll+0x5aa68]


---------------  P R O C E S S  ---------------

Threads class SMR info:
_java_thread_list=0x00007ffbafadcbb8, length=0, elements={
}

Java Threads: ( => current thread )

Other Threads:
  0x0000021c59d287d0 GCTaskThread "GC Thread#0" [stack: 0x000000a208600000,0x000000a208700000] [id=36828]
  0x0000021c59d77410 ConcurrentGCThread "G1 Main Marker" [stack: 0x000000a208700000,0x000000a208800000] [id=43896]
  0x0000021c59d77f00 ConcurrentGCThread "G1 Conc#0" [stack: 0x000000a208800000,0x000000a208900000] [id=30704]

[error occurred during error reporting (printing all threads), id 0xc0000005, EXCEPTION_ACCESS_VIOLATION (0xc0000005) at pc=0x00007ffbaf2b3ee7]

VM state: not at safepoint (not fully initialized)

VM Mutex/Monitor currently owned by a thread:  ([mutex/lock_event])
[0x0000021c59ce6630] Heap_lock - owner thread: 0x0000021c59cea910

Heap address: 0x0000000081c00000, size: 2020 MB, Compressed Oops mode: 32-bit

CDS archive(s) mapped at: [0x0000000000000000-0x0000000000000000-0x0000000000000000), size 0, SharedBaseAddress: 0x0000000800000000, ArchiveRelocationMode: 0.
Narrow klass base: 0x0000000000000000, Narrow klass shift: 0, Narrow klass range: 0x0

GC Precious Log:
<Empty>

Heap:
 garbage-first heap   total 0K, used 0K [0x0000000081c00000, 0x0000000100000000)
  region size 1024K, 0 young (0K), 0 survivors (0K)

[error occurred during error reporting (printing heap information), id 0xc0000005, EXCEPTION_ACCESS_VIOLATION (0xc0000005) at pc=0x00007ffbaf691eed]

GC Heap History (0 events):
No events

Deoptimization events (0 events):
No events

Classes unloaded (0 events):
No events

Classes redefined (0 events):
No events

Internal exceptions (0 events):
No events

Events (1 events):
Event: 0.012 Loaded shared library C:\Users\HP\.p2\pool\plugins\org.eclipse.justj.openjdk.hotspot.jre.full.win32.x86_64_16.0.2.v20210721-1149\jre\bin\java.dll


Dynamic libraries:
0x00007ff767eb0000 - 0x00007ff767ebe000 	C:\Users\HP\.p2\pool\plugins\org.eclipse.justj.openjdk.hotspot.jre.full.win32.x86_64_16.0.2.v20210721-1149\jre\bin\javaw.exe
0x00007ffc14bf0000 - 0x00007ffc14e04000 	C:\WINDOWS\SYSTEM32\ntdll.dll
0x00007ffc131b0000 - 0x00007ffc13272000 	C:\WINDOWS\System32\KERNEL32.DLL
0x00007ffc123e0000 - 0x00007ffc12783000 	C:\WINDOWS\System32\KERNELBASE.dll
0x00007ffc12090000 - 0x00007ffc121a1000 	C:\WINDOWS\System32\ucrtbase.dll
0x00007ffc0a5f0000 - 0x00007ffc0a608000 	C:\Users\HP\.p2\pool\plugins\org.eclipse.justj.openjdk.hotspot.jre.full.win32.x86_64_16.0.2.v20210721-1149\jre\bin\jli.dll
0x00007ffbfe690000 - 0x00007ffbfe6a9000 	C:\Users\HP\.p2\pool\plugins\org.eclipse.justj.openjdk.hotspot.jre.full.win32.x86_64_16.0.2.v20210721-1149\jre\bin\VCRUNTIME140.dll
0x00007ffc14820000 - 0x00007ffc149ca000 	C:\WINDOWS\System32\USER32.dll
0x00007ffc12930000 - 0x00007ffc12956000 	C:\WINDOWS\System32\win32u.dll
0x00007ffc14560000 - 0x00007ffc14589000 	C:\WINDOWS\System32\GDI32.dll
0x00007ffbfd800000 - 0x00007ffbfda8e000 	C:\WINDOWS\WinSxS\amd64_microsoft.windows.common-controls_6595b64144ccf1df_6.0.22621.1635_none_270f70857386168e\COMCTL32.dll
0x00007ffc12790000 - 0x00007ffc128a9000 	C:\WINDOWS\System32\gdi32full.dll
0x00007ffc14590000 - 0x00007ffc14637000 	C:\WINDOWS\System32\msvcrt.dll
0x00007ffc11ff0000 - 0x00007ffc1208a000 	C:\WINDOWS\System32\msvcp_win.dll
0x00007ffc12cc0000 - 0x00007ffc12cf1000 	C:\WINDOWS\System32\IMM32.DLL
0x00007ffc0a630000 - 0x00007ffc0a63c000 	C:\Users\HP\.p2\pool\plugins\org.eclipse.justj.openjdk.hotspot.jre.full.win32.x86_64_16.0.2.v20210721-1149\jre\bin\vcruntime140_1.dll
0x00007ffbe3100000 - 0x00007ffbe3191000 	C:\Users\HP\.p2\pool\plugins\org.eclipse.justj.openjdk.hotspot.jre.full.win32.x86_64_16.0.2.v20210721-1149\jre\bin\msvcp140.dll
0x00007ffbaefd0000 - 0x00007ffbafb7b000 	C:\Users\HP\.p2\pool\plugins\org.eclipse.justj.openjdk.hotspot.jre.full.win32.x86_64_16.0.2.v20210721-1149\jre\bin\server\jvm.dll
0x00007ffc12d70000 - 0x00007ffc12e1e000 	C:\WINDOWS\System32\ADVAPI32.dll
0x00007ffc14b00000 - 0x00007ffc14ba4000 	C:\WINDOWS\System32\sechost.dll
0x00007ffc12b10000 - 0x00007ffc12c27000 	C:\WINDOWS\System32\RPCRT4.dll
0x00007ffc13420000 - 0x00007ffc13428000 	C:\WINDOWS\System32\PSAPI.DLL
0x00007ffbe7db0000 - 0x00007ffbe7db9000 	C:\WINDOWS\SYSTEM32\WSOCK32.dll
0x00007ffc146c0000 - 0x00007ffc14731000 	C:\WINDOWS\System32\WS2_32.dll
0x00007ffbfb4c0000 - 0x00007ffbfb4f4000 	C:\WINDOWS\SYSTEM32\WINMM.dll
0x00007ffc0a3c0000 - 0x00007ffc0a3ca000 	C:\WINDOWS\SYSTEM32\VERSION.dll
0x00007ffc11030000 - 0x00007ffc11048000 	C:\WINDOWS\SYSTEM32\kernel.appcore.dll
0x00007ffbe7da0000 - 0x00007ffbe7daa000 	C:\Users\HP\.p2\pool\plugins\org.eclipse.justj.openjdk.hotspot.jre.full.win32.x86_64_16.0.2.v20210721-1149\jre\bin\jimage.dll
0x00007ffc0fae0000 - 0x00007ffc0fd0e000 	C:\WINDOWS\SYSTEM32\DBGHELP.DLL
0x00007ffc12e20000 - 0x00007ffc131a9000 	C:\WINDOWS\System32\combase.dll
0x00007ffc14740000 - 0x00007ffc14817000 	C:\WINDOWS\System32\OLEAUT32.dll
0x00007ffbf4bd0000 - 0x00007ffbf4c02000 	C:\WINDOWS\SYSTEM32\dbgcore.DLL
0x00007ffc128b0000 - 0x00007ffc1292a000 	C:\WINDOWS\System32\bcryptPrimitives.dll
0x00007ffbe7cc0000 - 0x00007ffbe7ce5000 	C:\Users\HP\.p2\pool\plugins\org.eclipse.justj.openjdk.hotspot.jre.full.win32.x86_64_16.0.2.v20210721-1149\jre\bin\java.dll

dbghelp: loaded successfully - version: 4.0.5 - missing functions: none
symbol engine: initialized successfully - sym options: 0x614 - pdb path: .;C:\Users\HP\.p2\pool\plugins\org.eclipse.justj.openjdk.hotspot.jre.full.win32.x86_64_16.0.2.v20210721-1149\jre\bin;C:\WINDOWS\SYSTEM32;C:\WINDOWS\WinSxS\amd64_microsoft.windows.common-controls_6595b64144ccf1df_6.0.22621.1635_none_270f70857386168e;C:\Users\HP\.p2\pool\plugins\org.eclipse.justj.openjdk.hotspot.jre.full.win32.x86_64_16.0.2.v20210721-1149\jre\bin\server

VM Arguments:
jvm_args: -Dfile.encoding=Cp1252 --module-path=D:\Desktop\java\SEKUR\bin;C:\Users\HP\.p2\pool\plugins\org.eclipse.fx.ide.css.jfx8_3.8.0.202204150904.jar;C:\Eclipse\fx\javafx-sdk-19.0.2.1\lib\javafx.base.jar;C:\Eclipse\fx\javafx-sdk-19.0.2.1\lib\javafx.controls.jar;C:\Eclipse\fx\javafx-sdk-19.0.2.1\lib\javafx.fxml.jar;C:\Eclipse\fx\javafx-sdk-19.0.2.1\lib\javafx.graphics.jar;C:\Eclipse\fx\javafx-sdk-19.0.2.1\lib\javafx.media.jar;C:\Eclipse\fx\javafx-sdk-19.0.2.1\lib\javafx.swing.jar;C:\Eclipse\fx\javafx-sdk-19.0.2.1\lib\javafx.web.jar;C:\Eclipse\fx\javafx-sdk-19.0.2.1\lib\javafx-swt.jar;C:\Eclipse\fx\javafx-sdk-19.0.2.1\lib\mysql-connector-java-5.0.7-bin.jar;D:\Desktop\fontawesomefx-8.2.jar;D:\Desktop\fontawesomefx-glyphsbrowser-all-1.0.jar -XX:+ShowCodeDetailsInExceptionMessages -Djdk.module.main=SEKUR 
java_command: SEKUR/application.Main
java_class_path (initial): <not set>
Launcher Type: SUN_STANDARD

[Global flags]
     intx CICompilerCount                          = 4                                         {product} {ergonomic}
     uint ConcGCThreads                            = 2                                         {product} {ergonomic}
     uint G1ConcRefinementThreads                  = 8                                         {product} {ergonomic}
   size_t G1HeapRegionSize                         = 1048576                                   {product} {ergonomic}
    uintx GCDrainStackTargetSize                   = 64                                        {product} {ergonomic}
   size_t InitialHeapSize                          = 134217728                                 {product} {ergonomic}
   size_t MarkStackSize                            = 4194304                                   {product} {ergonomic}
   size_t MaxHeapSize                              = 2118123520                                {product} {ergonomic}
   size_t MinHeapDeltaBytes                        = 1048576                                   {product} {ergonomic}
   size_t MinHeapSize                              = 8388608                                   {product} {ergonomic}
    uintx NonNMethodCodeHeapSize                   = 5839372                                {pd product} {ergonomic}
    uintx NonProfiledCodeHeapSize                  = 122909434                              {pd product} {ergonomic}
    uintx ProfiledCodeHeapSize                     = 122909434                              {pd product} {ergonomic}
    uintx ReservedCodeCacheSize                    = 251658240                              {pd product} {ergonomic}
     bool SegmentedCodeCache                       = true                                      {product} {ergonomic}
     bool ShowCodeDetailsInExceptionMessages       = true                                   {manageable} {command line}
   size_t SoftMaxHeapSize                          = 2118123520                             {manageable} {ergonomic}
     bool UseCompressedClassPointers               = true                           {product lp64_product} {ergonomic}
     bool UseCompressedOops                        = true                           {product lp64_product} {ergonomic}
     bool UseG1GC                                  = true                                      {product} {ergonomic}
     bool UseLargePagesIndividualAllocation        = false                                  {pd product} {ergonomic}

Logging:
Log output configuration:
 #0: stdout all=warning uptime,level,tags
 #1: stderr all=off uptime,level,tags

Environment Variables:
JAVA_HOME=C:\Program Files\Java\jdk-11.0.14
PATH=C:/Users/HP/.p2/pool/plugins/org.eclipse.justj.openjdk.hotspot.jre.full.win32.x86_64_16.0.2.v20210721-1149/jre/bin/server;C:/Users/HP/.p2/pool/plugins/org.eclipse.justj.openjdk.hotspot.jre.full.win32.x86_64_16.0.2.v20210721-1149/jre/bin;D:\Desktop\or\app\oracle\product\10.2.0\server\bin;C:\Program Files\Common Files\Oracle\Java\javapath;C:\Program Files (x86)\VMware\VMware Player\bin\;C:\windows\system32;C:\windows;C:\windows\System32\Wbem;C:\windows\System32\WindowsPowerShell\v1.0\;C:\windows\System32\OpenSSH\;C:\Program Files (x86)\NVIDIA Corporation\PhysX\Common;C:\Program Files\NVIDIA Corporation\NVIDIA NvDLISR;C:\Program Files (x86)\Intel\Intel(R) Management Engine Components\DAL;C:\Program Files\Intel\Intel(R) Management Engine Components\DAL;C:\WINDOWS\system32;C:\WINDOWS;C:\WINDOWS\System32\Wbem;C:\WINDOWS\System32\WindowsPowerShell\v1.0\;C:\WINDOWS\System32\OpenSSH\;C:\Program Files\Microsoft SQL Server\120\Tools\Binn\;C:\Program Files\Common Files\Autodesk Shared\;C:\Program Files (x86)\Common Files\Graitec\;C:\Program Files\Common Files\Graitec\;C:\Program Files\Java\jdk-11.0.14\bin;C:\Program Files\dotnet\;C:\Program Files\Git\cmd;C:\Users\HP\AppData\Local\Microsoft\WindowsApps;;C:\Users\HP\AppData\Local\Programs\Microsoft VS Code\bin;D:\Desktop;
USERNAME=HP
OS=Windows_NT
PROCESSOR_IDENTIFIER=Intel64 Family 6 Model 142 Stepping 12, GenuineIntel



---------------  S Y S T E M  ---------------

OS:
 Windows 10 , 64 bit Build 22621 (10.0.22621.1928)
OS uptime: 0 days 7:47 hours

CPU: total 8 (initial active 8) (4 cores per cpu, 2 threads per core) family 6 model 142 stepping 12 microcode 0xde, cx8, cmov, fxsr, ht, mmx, 3dnowpref, sse, sse2, sse3, ssse3, sse4.1, sse4.2, popcnt, lzcnt, tsc, tscinvbit, avx, avx2, aes, erms, clmul, bmi1, bmi2, adx, fma, vzeroupper, clflush, clflushopt

Memory: 4k page, system-wide physical 8078M (706M free)
TotalPageFile size 32654M (AvailPageFile size 90M)
current process WorkingSet (physical memory assigned to process): 11M, peak: 11M
current process commit charge ("private bytes"): 60M, peak: 188M

vm_info: OpenJDK 64-Bit Server VM (16.0.2+7-67) for windows-amd64 JRE (16.0.2+7-67), built on Jun  8 2021 23:21:43 by "mach5one" with MS VC++ 16.7 (VS2019)

END.
